Arguments: 
  /home/cib/.nvm/versions/node/v8.10.0/bin/node /usr/local/bin/yarn

PATH: 
  /home/cib/.nvm/versions/node/v8.10.0/bin:/home/cib/.local/bin:/usr/local/sbin:/usr/local/bin:/usr/sbin:/usr/bin:/sbin:/bin:/usr/games:/usr/local/games:/snap/bin:/home/cib/Android/Sdk/emulator:/home/cib/Android/Sdk/tools:/home/cib/Android/Sdk/tools/bin:/home/cib/Android/Sdk/platform-tools:/home/cib/.local/bin/

Yarn version: 
  1.19.1

Node version: 
  8.10.0

Platform: 
  linux x64

Trace: 
  SyntaxError: /home/cib/theVelopment/midia-ninja/som-storage-server-api/package.json: Unexpected token } in JSON at position 832
      at JSON.parse (<anonymous>)
      at /usr/local/lib/node_modules/yarn/lib/cli.js:1625:59
      at Generator.next (<anonymous>)
      at step (/usr/local/lib/node_modules/yarn/lib/cli.js:304:30)
      at /usr/local/lib/node_modules/yarn/lib/cli.js:315:13
      at <anonymous>

npm manifest: 
  {
    "name": "som-storage-server-api",
    "version": "1.0.0",
    "main": "index.js",
    "scripts": {
      "start": "babel-node index.js",
      "dev": "nodemon index.js --exec babel-node"
    },
    "license": "MIT",
    "dependencies": {
      "@babel/cli": "^7.2.3",
      "@babel/core": "^7.3.3",
      "@babel/node": "^7.2.2",
      "@babel/plugin-proposal-class-properties": "^7.3.3",
      "@babel/plugin-syntax-dynamic-import": "^7.2.0",
      "@babel/plugin-transform-runtime": "^7.4.0",
      "@babel/preset-env": "^7.3.1",
      "@babel/runtime": "^7.4.2",
      "aws-sdk": "^2.441.0",
      "base64-img": "^1.0.4",
      "body-parser": "^1.19.0",
      "cors": "^2.8.5",
      "express": "^4.17.1",
      "https-proxy-agent": "^5.0.0",
      "imagemin": "^6.1.0",
      "imagemin-jpeg-recompress": "^6.0.0",
      "imagemin-pngquant": "^7.0.0",
      "md5": "^2.2.1",
    },
    "devDependencies": {}
  }

yarn manifest: 
  No manifest

Lockfile: 
  No lockfile
